app/build/outputs/mapping/release/mapping.txt
# compiler: R8
# compiler_version: 1.5.69
# min_api: 17
# pg_map_id: 3c7391a
com.photoeditor.blendphotoeditor.blendermixer.Adapter.NAGYRHAGA_AllFontListAdapter -> com.photoeditor.blendphotoeditor.blendermixer.a.a:
    android.graphics.Typeface font -> b
    android.view.LayoutInflater inflater -> d
    android.content.Context mContext -> e
    java.lang.String[] image -> c
com.photoeditor.blendphotoeditor.blendermixer.Adapter.NAGYRHAGA_AllFontListAdapter$1 -> com.photoeditor.blendphotoeditor.blendermixer.a.a$a:
    int val$i -> b
    com.photoeditor.blendphotoeditor.blendermixer.Adapter.NAGYRHAGA_AllFontListAdapter this$0 -> c
com.photoeditor.blendphotoeditor.blendermixer.Adapter.NAGYRHAGA_FadingEdgeLayout -> com.photoeditor.blendphotoeditor.blendermixer.a.b:
    int gradientSizeBottom -> o
    int[] FADE_COLORS -> t
    int[] FADE_COLORS_REVERSE -> u
    int gradientDirtyFlags -> f
    android.graphics.Paint gradientPaintTop -> j
    android.graphics.Paint gradientPaintRight -> i
    android.graphics.Paint gradientPaintLeft -> h
    android.graphics.Rect gradientRectRight -> m
    android.graphics.Paint gradientPaintBottom -> g
    android.graphics.Rect gradientRectTop -> n
    android.graphics.Rect gradientRectBottom -> k
    android.graphics.Rect gradientRectLeft -> l
    boolean fadeTop -> e
    int gradientSizeTop -> r
    boolean fadeBottom -> b
    int mF -> s
    boolean fadeLeft -> c
    int gradientSizeLeft -> p
    boolean fadeRight -> d
    int gradientSizeRight -> q
    void init(android.util.AttributeSet,int) -> a
    void initBottomGradient() -> a
    void setFadeEdges(boolean,boolean,boolean,boolean) -> a
    void setFadeSizes(int,int,int,int) -> a
    void initLeftGradient() -> b
    void initRightGradient() -> c
    void initTopGradient() -> d
com.photoeditor.blendphotoeditor.blendermixer.Adapter.NAGYRHAGA_Image_Filter_Adapter -> com.photoeditor.blendphotoeditor.blendermixer.a.c:
    int w -> e
    java.util.ArrayList effect -> c
    android.content.Context mContext -> d
    int getItemCount() -> a
    void onBindViewHolder(com.photoeditor.blendphotoeditor.blendermixer.Adapter.NAGYRHAGA_Image_Filter_Adapter$MyViewHolder,int) -> a
    void onBindViewHolder(androidx.recyclerview.widget.RecyclerView$ViewHolder,int) -> b
    androidx.recyclerview.widget.RecyclerView$ViewHolder onCreateViewHolder(android.view.ViewGroup,int) -> b
    com.photoeditor.blendphotoeditor.blendermixer.Adapter.NAGYRHAGA_Image_Filter_Adapter$MyViewHolder onCreateViewHolder(android.view.ViewGroup,int) -> b
com.photoeditor.blendphotoeditor.blendermixer.Adapter.NAGYRHAGA_Image_Filter_Adapter$1 -> com.photoeditor.blendphotoeditor.blendermixer.a.c$a:
    com.photoeditor.blendphotoeditor.blendermixer.Adapter.NAGYRHAGA_Image_Filter_Adapter this$0 -> c
    int val$i -> b
com.photoeditor.blendphotoeditor.blendermixer.Adapter.NAGYRHAGA_Image_Filter_Adapter$MyViewHolder -> com.photoeditor.blendphotoeditor.blendermixer.a.c$b:
    android.widget.RelativeLayout getMain -> t
    android.widget.ImageView img -> u
com.photoeditor.blendphotoeditor.blendermixer.Adapter.NAGYRHAGA_Image_Frame_Adapter -> com.photoeditor.blendphotoeditor.blendermixer.a.d:
    int w -> e
    android.content.Context mContext -> d
    java.lang.String[] effect -> c
    int getItemCount() -> a
    void onBindViewHolder(com.photoeditor.blendphotoeditor.blendermixer.Adapter.NAGYRHAGA_Image_Frame_Adapter$MyViewHolder,int) -> a
    void onBindViewHolder(androidx.recyclerview.widget.RecyclerView$ViewHolder,int) -> b
    androidx.recyclerview.widget.RecyclerView$ViewHolder onCreateViewHolder(android.view.ViewGroup,int) -> b
    com.photoeditor.blendphotoeditor.blendermixer.Adapter.NAGYRHAGA_Image_Frame_Adapter$MyViewHolder onCreateViewHolder(android.view.ViewGroup,int) -> b
com.photoeditor.blendphotoeditor.blendermixer.Adapter.NAGYRHAGA_Image_Frame_Adapter$1 -> com.photoeditor.blendphotoeditor.blendermixer.a.d$a:
    com.photoeditor.blendphotoeditor.blendermixer.Adapter.NAGYRHAGA_Image_Frame_Adapter this$0 -> c
    int val$i -> b
...
com.google.android.gms.internal.ads.zzrr -> com.google.android.gms.internal.ads.v82:
com.google.android.gms.internal.ads.zzrs -> com.google.android.gms.internal.ads.w82:
    com.google.android.gms.internal.ads.zzrq zzbrh -> a
    void zzp(boolean) -> a
com.google.android.gms.internal.ads.zzrt -> com.google.android.gms.internal.ads.x82:
    com.google.android.gms.internal.ads.zzrq zzbrh -> b
com.google.android.gms.internal.ads.zzru -> com.google.android.gms.internal.ads.y82:
    com.google.android.gms.internal.ads.zzrq zzbrh -> a
    void onConnectionFailed(com.google.android.gms.common.ConnectionResult) -> a
com.google.android.gms.internal.ads.zzrv -> com.google.android.gms.internal.ads.z82:
    com.google.android.gms.internal.ads.zzrq zzbrh -> a
    void onConnected(android.os.Bundle) -> a
    void onConnectionSuspended(int) -> a
com.google.android.gms.internal.ads.zzrw -> com.google.android.gms.internal.ads.a92:
com.google.android.gms.internal.ads.zzrx -> com.google.android.gms.internal.ads.b92:
    android.os.ParcelFileDescriptor zzbri -> b
    boolean zzmp() -> a
    java.io.InputStream zzmq() -> b
    android.os.ParcelFileDescriptor zzmr() -> c
com.google.android.gms.internal.ads.zzry -> com.google.android.gms.internal.ads.c92:
    java.lang.String zzbrm -> f
    long zzbrp -> i
    android.os.Bundle zzbrn -> g
    long zzbrj -> c
    boolean zzbro -> h
    java.lang.String url -> b
    java.lang.String zzbrl -> e
    java.lang.String zzbrk -> d
    com.google.android.gms.internal.ads.zzry zzby(java.lang.String) -> a
    com.google.android.gms.internal.ads.zzry zzd(android.net.Uri) -> a
com.google.android.gms.internal.ads.zzrz -> com.google.android.gms.internal.ads.d92:
    android.os.IInterface createServiceInterface(android.os.IBinder) -> a
    java.lang.String getServiceDescriptor() -> n
    java.lang.String getStartServiceAction() -> o
    com.google.android.gms.internal.ads.zzsd zzms() -> u
com.google.android.gms.internal.ads.zzs -> com.google.android.gms.internal.ads.e92:
    void zza(com.google.android.gms.internal.ads.zzq) -> a
    void zza(com.google.android.gms.internal.ads.zzq,com.google.android.gms.internal.ads.zzz) -> a
com.google.android.gms.internal.ads.zzsa -> com.google.android.gms.internal.ads.f92:
    org.json.JSONObject zzf(android.content.Context) -> a
com.google.android.gms.internal.ads.zzsb -> com.google.android.gms.internal.ads.g92:
com.google.android.gms.internal.ads.zzsc -> com.google.android.gms.internal.ads.h92:
    com.google.android.gms.internal.ads.zzrx zza(com.google.android.gms.internal.ads.zzry) -> a
com.google.android.gms.internal.ads.zzsd -> com.google.android.gms.internal.ads.i92:
    com.google.android.gms.internal.ads.zzrx zza(com.google.android.gms.internal.ads.zzry) -> a
com.google.android.gms.internal.ads.zzse -> com.google.android.gms.internal.ads.j92:
    android.content.Context zzup -> c
    java.lang.Object lock -> d
    com.google.android.gms.internal.ads.zzrz zzbrd -> a
    boolean zzbrq -> b
    void disconnect() -> a
    void zza(com.google.android.gms.internal.ads.zzse) -> a
    boolean zza(com.google.android.gms.internal.ads.zzse,boolean) -> a
    java.util.concurrent.Future zzb(com.google.android.gms.internal.ads.zzry) -> a
    java.lang.Object zzb(com.google.android.gms.internal.ads.zzse) -> b
    boolean zzc(com.google.android.gms.internal.ads.zzse) -> c
    com.google.android.gms.internal.ads.zzrz zzd(com.google.android.gms.internal.ads.zzse) -> d
com.google.android.gms.internal.ads.zzsf -> com.google.android.gms.internal.ads.k92:
    org.json.JSONObject zzf(android.content.Context) -> a
com.google.android.gms.internal.ads.zzsg -> com.google.android.gms.internal.ads.l92:
    com.google.android.gms.internal.ads.zzse zzbrt -> c
    com.google.android.gms.internal.ads.zzazl zzbrs -> b
    com.google.android.gms.internal.ads.zzry zzbrr -> a
    void onConnected(android.os.Bundle) -> a
    void onConnectionSuspended(int) -> a